{
  "RSpec": {
    "coverage": {
      "/home/ian/code/Personal/GitGrub/spec/controllers/comments_controller_spec.rb": [
        null,
        null,
        null,
        null,
        null,
        null,
        null,
        null,
        null,
        null,
        null,
        null,
        null,
        null,
        null,
        null,
        null,
        null,
        null,
        null,
        null,
        null
      ],
      "/home/ian/code/Personal/GitGrub/spec/controllers/posts_controller_spec.rb": [
        1,
        null,
        1,
        1,
        4,
        null,
        1,
        1,
        null,
        null,
        1,
        1,
        null,
        null,
        1,
        1,
        1,
        null,
        null,
        null,
        1,
        1,
        1,
        3,
        null,
        null,
        null,
        null,
        null,
        null,
        null,
        1,
        1,
        null,
        null,
        1,
        1,
        null,
        null,
        1,
        1,
        null,
        null,
        null,
        1,
        1,
        3,
        null,
        null,
        null,
        null,
        null,
        null,
        null,
        1,
        1,
        null,
        null,
        1,
        1,
        null,
        null,
        1,
        1,
        null,
        null,
        null,
        null,
        1,
        4,
        null,
        4,
        null,
        1,
        1,
        null,
        null,
        1,
        1,
        1,
        null,
        null,
        1,
        1,
        null,
        null,
        null,
        null,
        null,
        null,
        null,
        1,
        4,
        null,
        4,
        null,
        1,
        1,
        null,
        null,
        1,
        1,
        null,
        null,
        1,
        1,
        null,
        null,
        null,
        1,
        7,
        null,
        1,
        1,
        3,
        null,
        null,
        null,
        null,
        null,
        null,
        null,
        1,
        1,
        1,
        1,
        1,
        1,
        null,
        null,
        1,
        1,
        null,
        null,
        1,
        1,
        null,
        null,
        null,
        1,
        1,
        3,
        null,
        null,
        null,
        null,
        null,
        null,
        null,
        1,
        1,
        1,
        1,
        1,
        1,
        null,
        null,
        1,
        1,
        null,
        null,
        1,
        1,
        null,
        null,
        null,
        null,
        1,
        3,
        null,
        1,
        1,
        1,
        null,
        null,
        null,
        1,
        1,
        1,
        null,
        null,
        null,
        null
      ],
      "/home/ian/code/Personal/GitGrub/spec/rails_helper.rb": [
        null,
        1,
        1,
        1,
        1,
        1,
        null,
        1,
        null,
        null,
        null,
        null,
        null,
        null,
        null,
        null,
        null,
        null,
        null,
        null,
        null,
        null,
        null,
        null,
        null,
        1,
        null,
        1,
        null,
        1,
        null,
        null,
        null,
        null,
        1,
        null,
        null,
        null,
        null,
        null,
        null,
        null,
        null,
        null,
        null,
        null,
        null,
        null,
        null,
        1,
        null
      ],
      "/home/ian/code/Personal/GitGrub/config/environment.rb": [
        null,
        1,
        null,
        null,
        1
      ],
      "/home/ian/code/Personal/GitGrub/config/application.rb": [
        1,
        null,
        1,
        null,
        null,
        null,
        1,
        null,
        1,
        1,
        null,
        null,
        null,
        null,
        null,
        null,
        null,
        null,
        null,
        null,
        null,
        null,
        null,
        1,
        null,
        null
      ],
      "/home/ian/code/Personal/GitGrub/config/boot.rb": [
        1,
        null,
        1
      ],
      "/home/ian/code/Personal/GitGrub/config/environments/test.rb": [
        1,
        null,
        null,
        null,
        null,
        null,
        null,
        1,
        null,
        null,
        null,
        null,
        1,
        null,
        null,
        1,
        1,
        null,
        null,
        1,
        1,
        null,
        null,
        1,
        null,
        null,
        1,
        null,
        null,
        null,
        null,
        1,
        null,
        null,
        1,
        null,
        null,
        1,
        null,
        null,
        null,
        null,
        null,
        1,
        1,
        null
      ],
      "/home/ian/code/Personal/GitGrub/config/initializers/assets.rb": [
        null,
        null,
        null,
        1,
        null,
        null,
        null,
        null,
        null,
        null,
        null
      ],
      "/home/ian/code/Personal/GitGrub/config/initializers/backtrace_silencers.rb": [
        null,
        null,
        null,
        null,
        null,
        null,
        null
      ],
      "/home/ian/code/Personal/GitGrub/config/initializers/cookies_serializer.rb": [
        null,
        null,
        1
      ],
      "/home/ian/code/Personal/GitGrub/config/initializers/filter_parameter_logging.rb": [
        null,
        null,
        null,
        1
      ],
      "/home/ian/code/Personal/GitGrub/config/initializers/inflections.rb": [
        null,
        null,
        null,
        null,
        null,
        null,
        null,
        null,
        null,
        null,
        null,
        null,
        null,
        null,
        null,
        null
      ],
      "/home/ian/code/Personal/GitGrub/config/initializers/mime_types.rb": [
        null,
        null,
        null,
        null
      ],
      "/home/ian/code/Personal/GitGrub/config/initializers/omniauth.rb": [
        1,
        1,
        null
      ],
      "/home/ian/code/Personal/GitGrub/config/initializers/session_store.rb": [
        null,
        null,
        1
      ],
      "/home/ian/code/Personal/GitGrub/config/initializers/simple_form.rb": [
        null,
        1,
        null,
        null,
        null,
        null,
        null,
        1,
        null,
        null,
        null,
        null,
        null,
        null,
        null,
        null,
        null,
        1,
        null,
        null,
        null,
        1,
        null,
        null,
        null,
        null,
        null,
        null,
        null,
        null,
        1,
        null,
        null,
        1,
        null,
        null,
        1,
        null,
        null,
        1,
        null,
        null,
        1,
        1,
        1,
        null,
        null,
        null,
        null,
        null,
        null,
        null,
        null,
        null,
        1,
        null,
        null,
        null,
        null,
        null,
        1,
        null,
        null,
        1,
        null,
        null,
        null,
        null,
        null,
        null,
        null,
        1,
        null,
        null,
        1,
        null,
        null,
        null,
        null,
        null,
        null,
        null,
        null,
        null,
        null,
        null,
        null,
        null,
        null,
        null,
        null,
        null,
        null,
        null,
        null,
        null,
        null,
        null,
        null,
        null,
        null,
        null,
        null,
        null,
        null,
        null,
        null,
        null,
        null,
        null,
        null,
        null,
        null,
        null,
        null,
        null,
        null,
        null,
        null,
        null,
        1,
        null,
        null,
        null,
        null,
        null,
        null,
        null,
        null,
        null,
        null,
        null,
        null,
        null,
        null,
        null,
        null,
        null,
        null,
        null,
        null,
        null,
        null,
        null,
        null,
        null,
        null,
        null,
        null,
        null,
        null,
        null,
        null,
        null,
        null,
        null,
        null,
        1,
        null,
        null,
        null,
        null,
        null,
        null,
        null,
        null
      ],
      "/home/ian/code/Personal/GitGrub/config/initializers/simple_form_bootstrap.rb": [
        null,
        1,
        1,
        1,
        1,
        null,
        1,
        1,
        1,
        1,
        1,
        1,
        1,
        1,
        null,
        1,
        1,
        1,
        null,
        null,
        1,
        1,
        1,
        1,
        1,
        1,
        null,
        1,
        1,
        1,
        null,
        null,
        1,
        1,
        1,
        null,
        1,
        1,
        null,
        null,
        1,
        1,
        null,
        null,
        1,
        1,
        1,
        1,
        1,
        1,
        1,
        null,
        null,
        1,
        1,
        1,
        1,
        1,
        1,
        1,
        1,
        null,
        1,
        1,
        1,
        1,
        null,
        null,
        null,
        1,
        1,
        1,
        1,
        1,
        1,
        null,
        1,
        1,
        1,
        1,
        null,
        null,
        null,
        1,
        1,
        1,
        null,
        1,
        1,
        1,
        null,
        null,
        1,
        1,
        null,
        null,
        null,
        1,
        1,
        1,
        null,
        1,
        null,
        1,
        1,
        1,
        1,
        null,
        null,
        null,
        1,
        1,
        1,
        1,
        1,
        1,
        1,
        1,
        null,
        1,
        1,
        1,
        null,
        null,
        null,
        null,
        null,
        null,
        1,
        1,
        null,
        null,
        null,
        null,
        null,
        null
      ],
      "/home/ian/code/Personal/GitGrub/config/initializers/wrap_parameters.rb": [
        null,
        null,
        null,
        null,
        null,
        null,
        1,
        1,
        null,
        null,
        null,
        null,
        null,
        null
      ],
      "/home/ian/code/Personal/GitGrub/test/factories/comments.rb": [
        1,
        1,
        1,
        1,
        1,
        null,
        null,
        null
      ],
      "/home/ian/code/Personal/GitGrub/spec/factories/posts.rb": [
        1,
        1,
        1,
        1,
        1,
        null,
        null,
        null
      ],
      "/home/ian/code/Personal/GitGrub/spec/factories/users.rb": [
        1,
        1,
        1,
        1,
        1,
        null,
        null
      ],
      "/home/ian/code/Personal/GitGrub/config/routes.rb": [
        1,
        1,
        null,
        1,
        1,
        null,
        null,
        1,
        1,
        1,
        1,
        null,
        null,
        null,
        null,
        null,
        null,
        null,
        null,
        null,
        null,
        null,
        null,
        null,
        null,
        null,
        null,
        null,
        null,
        null,
        null,
        null,
        null,
        null,
        null,
        null,
        null,
        null,
        null,
        null,
        null,
        null,
        null,
        null,
        null,
        null,
        null,
        null,
        null,
        null,
        null,
        null,
        null,
        null,
        null,
        null,
        null,
        null,
        null,
        null,
        null,
        null,
        null,
        null,
        null,
        null
      ],
      "/home/ian/code/Personal/GitGrub/app/helpers/application_helper.rb": [
        1,
        null
      ],
      "/home/ian/code/Personal/GitGrub/app/helpers/comments_helper.rb": [
        1,
        null
      ],
      "/home/ian/code/Personal/GitGrub/app/helpers/posts_helper.rb": [
        1,
        null
      ],
      "/home/ian/code/Personal/GitGrub/app/helpers/sessions_helper.rb": [
        1,
        null
      ],
      "/home/ian/code/Personal/GitGrub/app/helpers/users_helper.rb": [
        1,
        null
      ],
      "/home/ian/code/Personal/GitGrub/app/helpers/welcome_helper.rb": [
        1,
        null
      ],
      "/home/ian/code/Personal/GitGrub/app/controllers/posts_controller.rb": [
        1,
        1,
        null,
        1,
        0,
        0,
        null,
        null,
        1,
        5,
        null,
        null,
        1,
        6,
        6,
        6,
        6,
        6,
        3,
        3,
        null,
        6,
        3,
        null,
        null,
        null,
        null,
        1,
        6,
        null,
        null,
        1,
        null,
        null,
        1,
        6,
        3,
        null,
        3,
        null,
        null,
        null,
        1,
        2,
        2,
        null,
        null,
        null,
        1,
        1,
        12,
        null,
        null,
        1,
        18,
        null,
        null
      ],
      "/home/ian/code/Personal/GitGrub/app/controllers/application_controller.rb": [
        1,
        null,
        null,
        1,
        1,
        1,
        null,
        1,
        null,
        1,
        9,
        null,
        null
      ],
      "/home/ian/code/Personal/GitGrub/spec/controllers/sessions_controller_spec.rb": [
        1,
        null,
        1,
        1,
        3,
        null,
        1,
        1,
        2,
        2,
        null,
        null,
        null,
        null,
        1,
        1,
        null,
        null,
        null,
        1,
        1,
        null,
        null,
        null,
        null,
        1,
        3,
        null,
        1,
        1,
        null,
        null,
        1,
        1,
        null,
        null,
        null
      ],
      "/home/ian/code/Personal/GitGrub/app/controllers/sessions_controller.rb": [
        1,
        1,
        2,
        2,
        2,
        2,
        null,
        null,
        1,
        2,
        2,
        null,
        null
      ],
      "/home/ian/code/Personal/GitGrub/spec/controllers/users_controller_spec.rb": [
        1,
        null,
        1,
        1,
        3,
        null,
        1,
        1,
        null,
        null,
        1,
        1,
        null,
        null,
        null,
        null
      ],
      "/home/ian/code/Personal/GitGrub/app/controllers/users_controller.rb": [
        1,
        1,
        null,
        null
      ],
      "/home/ian/code/Personal/GitGrub/spec/features/comments_feature_spec.rb": [
        null,
        null,
        null,
        null,
        null,
        null,
        null,
        null,
        null,
        null,
        null,
        null,
        null,
        null,
        null,
        null,
        null,
        null
      ],
      "/home/ian/code/Personal/GitGrub/spec/features/posts_feature_spec.rb": [
        1,
        5,
        null,
        1,
        1,
        null,
        1,
        1,
        null,
        1,
        null,
        1,
        null,
        null,
        0,
        null,
        null,
        1,
        1,
        null,
        0,
        0,
        0,
        0,
        null,
        null,
        1,
        1,
        null,
        1,
        1,
        null,
        1,
        null,
        1,
        null,
        0,
        null,
        0,
        null,
        null,
        1,
        1,
        null,
        0,
        null,
        0,
        null,
        null,
        1,
        1,
        null,
        1,
        1,
        1,
        1,
        null,
        1,
        null,
        0,
        0,
        null,
        null,
        1,
        1,
        null,
        0,
        null,
        0,
        0,
        null,
        null,
        null
      ],
      "/home/ian/code/Personal/GitGrub/spec/features/users_feature_spec.rb": [
        1,
        null,
        null,
        null,
        null,
        null,
        null,
        null,
        null,
        null,
        null,
        null,
        null,
        null,
        null,
        null,
        null,
        null,
        null,
        null
      ],
      "/home/ian/code/Personal/GitGrub/spec/models/post_spec.rb": [
        1,
        null,
        1,
        1,
        2,
        2,
        null,
        2,
        null,
        null,
        1,
        2,
        2,
        null,
        2,
        null,
        null,
        1,
        2,
        2,
        null,
        2,
        null,
        null
      ],
      "/home/ian/code/Personal/GitGrub/app/models/post.rb": [
        1,
        1,
        null,
        1,
        1,
        1,
        1,
        null
      ],
      "/home/ian/code/Personal/GitGrub/spec/models/user_spec.rb": [
        1,
        null,
        1,
        1,
        2,
        2,
        2,
        null,
        null,
        1,
        2,
        2,
        2,
        null,
        null,
        1,
        2,
        2,
        2,
        null,
        null
      ],
      "/home/ian/code/Personal/GitGrub/app/models/user.rb": [
        1,
        1,
        1,
        1,
        1,
        1,
        null,
        1,
        0,
        0,
        0,
        0,
        0,
        null,
        null,
        null
      ],
      "/home/ian/code/Personal/GitGrub/spec/routing/posts_routing_spec.rb": [
        1,
        null,
        1,
        1,
        1,
        null,
        null,
        1,
        1,
        null,
        null,
        1,
        1,
        null,
        null,
        1,
        1,
        null,
        null,
        1,
        1,
        null,
        null,
        1,
        1,
        null,
        null,
        1,
        1,
        null,
        null
      ],
      "/home/ian/code/Personal/GitGrub/spec/routing/sessions_routing_spec.rb": [
        1,
        null,
        1,
        1,
        1,
        null,
        null,
        1,
        1,
        null,
        null
      ],
      "/home/ian/code/Personal/GitGrub/spec/routing/users_routing_spec.rb": [
        1,
        null,
        1,
        1,
        1,
        null,
        null,
        1,
        1,
        null,
        null
      ],
      "/home/ian/code/Personal/GitGrub/app/models/comment.rb": [
        1,
        1,
        1,
        null,
        null
      ],
      "/home/ian/code/Personal/GitGrub/app/inputs/time_picker_input.rb": [
        1,
        1,
        3,
        3,
        3,
        null,
        3,
        3,
        3,
        3,
        null,
        null,
        3,
        3,
        3,
        3,
        3,
        null,
        null,
        3,
        null,
        null,
        null,
        1,
        6,
        null,
        null
      ],
      "/home/ian/code/Personal/GitGrub/app/controllers/welcome_controller.rb": [
        1,
        1,
        null,
        null
      ]
    },
    "timestamp": 1422561947
  }
}
